Up     Up     Up     Right  
Right  Down   Right  Up     
Right  Up     Left   Down   
iteration 0
-----------------------------------------------------
|   0.000000  |  0.000000  |  0.090000  |  1.000000  |
-----------------------------------------------------
|   0.000000  |  0.000000  |  -0.720000 |  -1.000000 |
-----------------------------------------------------
|   0.000000  |  0.000000  |  0.000000  |  0.000000  |
-----------------------------------------------------

iteration 1
-----------------------------------------------------
|   0.000000  |  0.008100  |  0.155529  |  1.000000  |
-----------------------------------------------------
|   0.000000  |  0.000000  |  -0.849600 |  -1.000000 |
-----------------------------------------------------
|   0.000000  |  0.000000  |  0.000000  |  0.000000  |
-----------------------------------------------------

iteration 2
-----------------------------------------------------
|   0.000729  |  0.019895  |  0.203771  |  1.000000  |
-----------------------------------------------------
|   0.000000  |  0.000000  |  -0.872928 |  -1.000000 |
-----------------------------------------------------
|   0.000000  |  0.000000  |  0.000000  |  0.000000  |
-----------------------------------------------------

iteration 3
-----------------------------------------------------
|   0.002381  |  0.032878  |  0.239674  |  1.000000  |
-----------------------------------------------------
|   0.000000  |  0.000000  |  -0.877127 |  -1.000000 |
-----------------------------------------------------
|   0.000000  |  0.000000  |  0.000000  |  0.000000  |
-----------------------------------------------------

iteration 4
-----------------------------------------------------
|   0.004888  |  0.045683  |  0.266677  |  1.000000  |
-----------------------------------------------------
|   0.000000  |  0.000000  |  -0.877883 |  -1.000000 |
-----------------------------------------------------
|   0.000000  |  0.000000  |  0.000000  |  0.000000  |
-----------------------------------------------------

iteration 5
-----------------------------------------------------
|   0.008071  |  0.057619  |  0.287193  |  1.000000  |
-----------------------------------------------------
|   0.000000  |  0.000000  |  -0.878019 |  -1.000000 |
-----------------------------------------------------
|   0.000000  |  0.000000  |  0.000000  |  0.000000  |
-----------------------------------------------------

iteration 6
-----------------------------------------------------
|   0.011723  |  0.068388  |  0.302934  |  1.000000  |
-----------------------------------------------------
|   0.000000  |  0.000000  |  -0.878043 |  -1.000000 |
-----------------------------------------------------
|   0.000000  |  0.000000  |  0.000000  |  0.000000  |
-----------------------------------------------------

iteration 7
-----------------------------------------------------
|   0.015650  |  0.077912  |  0.315125  |  1.000000  |
-----------------------------------------------------
|   0.000000  |  0.000000  |  -0.878048 |  -1.000000 |
-----------------------------------------------------
|   0.000000  |  0.000000  |  0.000000  |  0.000000  |
-----------------------------------------------------

iteration 8
-----------------------------------------------------
|   0.019689  |  0.086230  |  0.324650  |  1.000000  |
-----------------------------------------------------
|   0.000000  |  0.000000  |  -0.878049 |  -1.000000 |
-----------------------------------------------------
|   0.000000  |  0.000000  |  0.000000  |  0.000000  |
-----------------------------------------------------

iteration 9
-----------------------------------------------------
|   0.023709  |  0.093438  |  0.332158  |  1.000000  |
-----------------------------------------------------
|   0.000000  |  0.000000  |  -0.878049 |  -1.000000 |
-----------------------------------------------------
|   0.000000  |  0.000000  |  0.000000  |  0.000000  |
-----------------------------------------------------

iteration 10
-----------------------------------------------------
|   0.027613  |  0.099655  |  0.338122  |  1.000000  |
-----------------------------------------------------
|   0.000000  |  0.000000  |  -0.878049 |  -1.000000 |
-----------------------------------------------------
|   0.000000  |  0.000000  |  0.000000  |  0.000000  |
-----------------------------------------------------

iteration 11
-----------------------------------------------------
|   0.031336  |  0.105003  |  0.342898  |  1.000000  |
-----------------------------------------------------
|   0.000000  |  0.000000  |  -0.878049 |  -1.000000 |
-----------------------------------------------------
|   0.000000  |  0.000000  |  0.000000  |  0.000000  |
-----------------------------------------------------

iteration 12
-----------------------------------------------------
|   0.034832  |  0.109598  |  0.346751  |  1.000000  |
-----------------------------------------------------
|   0.000000  |  0.000000  |  -0.878049 |  -1.000000 |
-----------------------------------------------------
|   0.000000  |  0.000000  |  0.000000  |  0.000000  |
-----------------------------------------------------

iteration 13
-----------------------------------------------------
|   0.038078  |  0.113545  |  0.349879  |  1.000000  |
-----------------------------------------------------
|   0.000000  |  0.000000  |  -0.878049 |  -1.000000 |
-----------------------------------------------------
|   0.000000  |  0.000000  |  0.000000  |  0.000000  |
-----------------------------------------------------

iteration 14
-----------------------------------------------------
|   0.041062  |  0.116937  |  0.352438  |  1.000000  |
-----------------------------------------------------
|   0.000000  |  0.000000  |  -0.878049 |  -1.000000 |
-----------------------------------------------------
|   0.000000  |  0.000000  |  0.000000  |  0.000000  |
-----------------------------------------------------

iteration 15
-----------------------------------------------------
|   0.043785  |  0.119855  |  0.354542  |  1.000000  |
-----------------------------------------------------
|   0.000000  |  0.000000  |  -0.878049 |  -1.000000 |
-----------------------------------------------------
|   0.000000  |  0.000000  |  0.000000  |  0.000000  |
-----------------------------------------------------

iteration 16
-----------------------------------------------------
|   0.046253  |  0.122367  |  0.356283  |  1.000000  |
-----------------------------------------------------
|   0.000000  |  0.000000  |  -0.878049 |  -1.000000 |
-----------------------------------------------------
|   0.000000  |  0.000000  |  0.000000  |  0.000000  |
-----------------------------------------------------

iteration 17
-----------------------------------------------------
|   0.048478  |  0.124533  |  0.357732  |  1.000000  |
-----------------------------------------------------
|   0.000000  |  0.000000  |  -0.878049 |  -1.000000 |
-----------------------------------------------------
|   0.000000  |  0.000000  |  0.000000  |  0.000000  |
-----------------------------------------------------

iteration 18
-----------------------------------------------------
|   0.050475  |  0.126402  |  0.358943  |  1.000000  |
-----------------------------------------------------
|   0.000000  |  0.000000  |  -0.878049 |  -1.000000 |
-----------------------------------------------------
|   0.000000  |  0.000000  |  0.000000  |  0.000000  |
-----------------------------------------------------

iteration 19
-----------------------------------------------------
|   0.052261  |  0.128018  |  0.359961  |  1.000000  |
-----------------------------------------------------
|   0.000000  |  0.000000  |  -0.878049 |  -1.000000 |
-----------------------------------------------------
|   0.000000  |  0.000000  |  0.000000  |  0.000000  |
-----------------------------------------------------

iteration 20
-----------------------------------------------------
|   0.053853  |  0.129416  |  0.360819  |  1.000000  |
-----------------------------------------------------
|   0.000000  |  0.000000  |  -0.878049 |  -1.000000 |
-----------------------------------------------------
|   0.000000  |  0.000000  |  0.000000  |  0.000000  |
-----------------------------------------------------

iteration 20
-----------------------------------------------------
|   0.102873  |  0.283085  |  0.784947  |  1.000000  |
-----------------------------------------------------
|   0.092586  |  0.000000  |  0.725807  |  -1.000000 |
-----------------------------------------------------
|   0.000000  |  0.000000  |  0.000000  |  0.000000  |
-----------------------------------------------------

iteration 21
-----------------------------------------------------
|   0.222338  |  0.616117  |  0.861291  |  1.000000  |
-----------------------------------------------------
|   0.200104  |  0.000000  |  0.787645  |  -1.000000 |
-----------------------------------------------------
|   0.000000  |  0.000000  |  0.000000  |  0.000000  |
-----------------------------------------------------

iteration 22
-----------------------------------------------------
|   0.483625  |  0.731030  |  0.875032  |  1.000000  |
-----------------------------------------------------
|   0.435263  |  0.000000  |  0.798776  |  -1.000000 |
-----------------------------------------------------
|   0.000000  |  0.000000  |  0.000000  |  0.000000  |
-----------------------------------------------------

iteration 23
-----------------------------------------------------
|   0.613394  |  0.761609  |  0.877506  |  1.000000  |
-----------------------------------------------------
|   0.552055  |  0.000000  |  0.800780  |  -1.000000 |
-----------------------------------------------------
|   0.000000  |  0.000000  |  0.000000  |  0.000000  |
-----------------------------------------------------

iteration 24
-----------------------------------------------------
|   0.658769  |  0.768894  |  0.877951  |  1.000000  |
-----------------------------------------------------
|   0.592892  |  0.000000  |  0.801140  |  -1.000000 |
-----------------------------------------------------
|   0.000000  |  0.000000  |  0.000000  |  0.000000  |
-----------------------------------------------------

iteration 25
-----------------------------------------------------
|   0.672182  |  0.770526  |  0.878031  |  1.000000  |
-----------------------------------------------------
|   0.604964  |  0.000000  |  0.801205  |  -1.000000 |
-----------------------------------------------------
|   0.000000  |  0.000000  |  0.000000  |  0.000000  |
-----------------------------------------------------

iteration 26
-----------------------------------------------------
|   0.675771  |  0.770877  |  0.878046  |  1.000000  |
-----------------------------------------------------
|   0.608194  |  0.000000  |  0.801217  |  -1.000000 |
-----------------------------------------------------
|   0.000000  |  0.000000  |  0.000000  |  0.000000  |
-----------------------------------------------------

iteration 27
-----------------------------------------------------
|   0.676670  |  0.770951  |  0.878048  |  1.000000  |
-----------------------------------------------------
|   0.609003  |  0.000000  |  0.801219  |  -1.000000 |
-----------------------------------------------------
|   0.000000  |  0.000000  |  0.000000  |  0.000000  |
-----------------------------------------------------

iteration 28
-----------------------------------------------------
|   0.676885  |  0.770966  |  0.878049  |  1.000000  |
-----------------------------------------------------
|   0.609197  |  0.000000  |  0.801219  |  -1.000000 |
-----------------------------------------------------
|   0.000000  |  0.000000  |  0.000000  |  0.000000  |
-----------------------------------------------------

iteration 29
-----------------------------------------------------
|   0.676935  |  0.770969  |  0.878049  |  1.000000  |
-----------------------------------------------------
|   0.609241  |  0.000000  |  0.801219  |  -1.000000 |
-----------------------------------------------------
|   0.000000  |  0.000000  |  0.000000  |  0.000000  |
-----------------------------------------------------

policy eval converged in 9
iteration 29
-----------------------------------------------------
|   0.676946  |  0.770970  |  0.878049  |  1.000000  |
-----------------------------------------------------
|   0.609251  |  0.000000  |  0.801220  |  -1.000000 |
-----------------------------------------------------
|   0.493494  |  0.355315  |  0.486878  |  0.350552  |
-----------------------------------------------------

iteration 30
-----------------------------------------------------
|   0.676948  |  0.770970  |  0.878049  |  1.000000  |
-----------------------------------------------------
|   0.609253  |  0.000000  |  0.801220  |  -1.000000 |
-----------------------------------------------------
|   0.493495  |  0.419273  |  0.486878  |  0.413652  |
-----------------------------------------------------

iteration 31
-----------------------------------------------------
|   0.676949  |  0.770970  |  0.878049  |  1.000000  |
-----------------------------------------------------
|   0.609254  |  0.000000  |  0.801220  |  -1.000000 |
-----------------------------------------------------
|   0.493496  |  0.430786  |  0.486878  |  0.425009  |
-----------------------------------------------------

iteration 32
-----------------------------------------------------
|   0.676949  |  0.770970  |  0.878049  |  1.000000  |
-----------------------------------------------------
|   0.609254  |  0.000000  |  0.801220  |  -1.000000 |
-----------------------------------------------------
|   0.493496  |  0.432858  |  0.486878  |  0.427054  |
-----------------------------------------------------

iteration 33
-----------------------------------------------------
|   0.676949  |  0.770970  |  0.878049  |  1.000000  |
-----------------------------------------------------
|   0.609254  |  0.000000  |  0.801220  |  -1.000000 |
-----------------------------------------------------
|   0.493496  |  0.433231  |  0.486878  |  0.427422  |
-----------------------------------------------------

iteration 34
-----------------------------------------------------
|   0.676949  |  0.770970  |  0.878049  |  1.000000  |
-----------------------------------------------------
|   0.609254  |  0.000000  |  0.801220  |  -1.000000 |
-----------------------------------------------------
|   0.493496  |  0.433299  |  0.486878  |  0.427488  |
-----------------------------------------------------

policy eval converged in 5
Policies: 
-----------------------------------------------------
|   Right     |  Right     |  Right     |  N/A       |
-----------------------------------------------------
|   Up        |  N/A       |  Up        |  N/A       |
-----------------------------------------------------
|   Up        |  Left      |  Up        |  Left      |
-----------------------------------------------------
