iteration 0:
-----------------------------------------------------
|   0.000000  |  0.000000  |  0.720000  |  1.000000  |
-----------------------------------------------------
|   0.000000  |  0.000000  |  0.428400  |  -1.000000 |
-----------------------------------------------------
|   0.000000  |  0.000000  |  0.308448  |  0.132083  |
-----------------------------------------------------

iteration 1:
-----------------------------------------------------
|   0.000000  |  0.518400  |  0.823356  |  1.000000  |
-----------------------------------------------------
|   0.000000  |  0.000000  |  0.541372  |  -1.000000 |
-----------------------------------------------------
|   0.000000  |  0.222083  |  0.421663  |  0.225485  |
-----------------------------------------------------

iteration 2:
-----------------------------------------------------
|   0.373248  |  0.686128  |  0.842826  |  1.000000  |
-----------------------------------------------------
|   0.268739  |  0.000000  |  0.565558  |  -1.000000 |
-----------------------------------------------------
|   0.213479  |  0.343572  |  0.458417  |  0.260354  |
-----------------------------------------------------

iteration 3:
-----------------------------------------------------
|   0.551791  |  0.730337  |  0.846755  |  1.000000  |
-----------------------------------------------------
|   0.445663  |  0.000000  |  0.570563  |  -1.000000 |
-----------------------------------------------------
|   0.371012  |  0.391903  |  0.469509  |  0.271478  |
-----------------------------------------------------

iteration 4:
-----------------------------------------------------
|   0.615614  |  0.741124  |  0.847559  |  1.000000  |
-----------------------------------------------------
|   0.523461  |  0.000000  |  0.571593  |  -1.000000 |
-----------------------------------------------------
|   0.445554  |  0.408589  |  0.472753  |  0.274815  |
-----------------------------------------------------

iteration 5:
-----------------------------------------------------
|   0.636126  |  0.743645  |  0.847724  |  1.000000  |
-----------------------------------------------------
|   0.552234  |  0.000000  |  0.571804  |  -1.000000 |
-----------------------------------------------------
|   0.474481  |  0.415172  |  0.473798  |  0.275868  |
-----------------------------------------------------

iteration 6:
-----------------------------------------------------
|   0.642376  |  0.744217  |  0.847758  |  1.000000  |
-----------------------------------------------------
|   0.561913  |  0.000000  |  0.571848  |  -1.000000 |
-----------------------------------------------------
|   0.484646  |  0.423676  |  0.474689  |  0.276604  |
-----------------------------------------------------

iteration 7:
-----------------------------------------------------
|   0.644222  |  0.744344  |  0.847764  |  1.000000  |
-----------------------------------------------------
|   0.564984  |  0.000000  |  0.571857  |  -1.000000 |
-----------------------------------------------------
|   0.488538  |  0.428009  |  0.475152  |  0.277004  |
-----------------------------------------------------

iteration 8:
-----------------------------------------------------
|   0.644757  |  0.744372  |  0.847766  |  1.000000  |
-----------------------------------------------------
|   0.565922  |  0.000000  |  0.571859  |  -1.000000 |
-----------------------------------------------------
|   0.489953  |  0.429808  |  0.475351  |  0.277183  |
-----------------------------------------------------

iteration 9:
-----------------------------------------------------
|   0.644909  |  0.744378  |  0.847766  |  1.000000  |
-----------------------------------------------------
|   0.566201  |  0.000000  |  0.571859  |  -1.000000 |
-----------------------------------------------------
|   0.490443  |  0.430484  |  0.475429  |  0.277255  |
-----------------------------------------------------

iteration 10:
-----------------------------------------------------
|   0.644952  |  0.744380  |  0.847766  |  1.000000  |
-----------------------------------------------------
|   0.566282  |  0.000000  |  0.571859  |  -1.000000 |
-----------------------------------------------------
|   0.490606  |  0.430724  |  0.475457  |  0.277282  |
-----------------------------------------------------

iteration 11:
-----------------------------------------------------
|   0.644965  |  0.744380  |  0.847766  |  1.000000  |
-----------------------------------------------------
|   0.566305  |  0.000000  |  0.571859  |  -1.000000 |
-----------------------------------------------------
|   0.490659  |  0.430805  |  0.475466  |  0.277291  |
-----------------------------------------------------

iteration 12:
-----------------------------------------------------
|   0.644968  |  0.744380  |  0.847766  |  1.000000  |
-----------------------------------------------------
|   0.566312  |  0.000000  |  0.571859  |  -1.000000 |
-----------------------------------------------------
|   0.490676  |  0.430832  |  0.475470  |  0.277294  |
-----------------------------------------------------

iteration 13:
-----------------------------------------------------
|   0.644969  |  0.744380  |  0.847766  |  1.000000  |
-----------------------------------------------------
|   0.566314  |  0.000000  |  0.571859  |  -1.000000 |
-----------------------------------------------------
|   0.490682  |  0.430841  |  0.475471  |  0.277295  |
-----------------------------------------------------

Converged
Policies: 
-----------------------------------------------------
|   Right     |  Right     |  Right     |  N/A       |
-----------------------------------------------------
|   Up        |  N/A       |  Up        |  N/A       |
-----------------------------------------------------
|   Up        |  Left      |  Up        |  Left      |
-----------------------------------------------------
